[2023-02-08 11:34:30,537] INFO Terminating process due to signal SIGHUP (org.apache.kafka.common.utils.LoggingSignalHandler)
[2023-02-08 11:34:30,537] INFO Terminating process due to signal SIGHUP (org.apache.kafka.common.utils.LoggingSignalHandler)
[2023-02-08 11:34:30,581] INFO [KafkaServer id=0] shutting down (kafka.server.KafkaServer)
[2023-02-08 11:34:30,589] INFO [KafkaServer id=0] Starting controlled shutdown (kafka.server.KafkaServer)
[2023-02-08 11:34:30,663] INFO [KafkaServer id=0] Controlled shutdown request returned successfully after 47ms (kafka.server.KafkaServer)
[2023-02-08 11:34:30,669] INFO [/config/changes-event-process-thread]: Shutting down (kafka.common.ZkNodeChangeNotificationListener$ChangeEventProcessThread)
[2023-02-08 11:34:30,670] INFO [/config/changes-event-process-thread]: Shutdown completed (kafka.common.ZkNodeChangeNotificationListener$ChangeEventProcessThread)
[2023-02-08 11:34:30,670] INFO [/config/changes-event-process-thread]: Stopped (kafka.common.ZkNodeChangeNotificationListener$ChangeEventProcessThread)
[2023-02-08 11:34:30,671] INFO [SocketServer listenerType=ZK_BROKER, nodeId=0] Stopping socket server request processors (kafka.network.SocketServer)
[2023-02-08 11:34:30,695] INFO [SocketServer listenerType=ZK_BROKER, nodeId=0] Stopped socket server request processors (kafka.network.SocketServer)
[2023-02-08 11:34:30,696] INFO [data-plane Kafka Request Handler on Broker 0], shutting down (kafka.server.KafkaRequestHandlerPool)
[2023-02-08 11:34:30,699] INFO [data-plane Kafka Request Handler on Broker 0], shut down completely (kafka.server.KafkaRequestHandlerPool)
[2023-02-08 11:34:30,704] INFO [ExpirationReaper-0-AlterAcls]: Shutting down (kafka.server.DelayedOperationPurgatory$ExpiredOperationReaper)
[2023-02-08 11:34:30,709] INFO [ExpirationReaper-0-AlterAcls]: Stopped (kafka.server.DelayedOperationPurgatory$ExpiredOperationReaper)
[2023-02-08 11:34:30,709] INFO [ExpirationReaper-0-AlterAcls]: Shutdown completed (kafka.server.DelayedOperationPurgatory$ExpiredOperationReaper)
[2023-02-08 11:34:30,715] INFO [KafkaApi-0] Shutdown complete. (kafka.server.KafkaApis)
[2023-02-08 11:34:30,718] INFO [ExpirationReaper-0-topic]: Shutting down (kafka.server.DelayedOperationPurgatory$ExpiredOperationReaper)
[2023-02-08 11:34:30,719] INFO [ExpirationReaper-0-topic]: Stopped (kafka.server.DelayedOperationPurgatory$ExpiredOperationReaper)
[2023-02-08 11:34:30,719] INFO [ExpirationReaper-0-topic]: Shutdown completed (kafka.server.DelayedOperationPurgatory$ExpiredOperationReaper)
[2023-02-08 11:34:30,722] INFO [TransactionCoordinator id=0] Shutting down. (kafka.coordinator.transaction.TransactionCoordinator)
[2023-02-08 11:34:30,723] INFO [Transaction State Manager 0]: Shutdown complete (kafka.coordinator.transaction.TransactionStateManager)
[2023-02-08 11:34:30,723] INFO [Transaction Marker Channel Manager 0]: Shutting down (kafka.coordinator.transaction.TransactionMarkerChannelManager)
[2023-02-08 11:34:30,724] INFO [Transaction Marker Channel Manager 0]: Stopped (kafka.coordinator.transaction.TransactionMarkerChannelManager)
[2023-02-08 11:34:30,724] INFO [Transaction Marker Channel Manager 0]: Shutdown completed (kafka.coordinator.transaction.TransactionMarkerChannelManager)
[2023-02-08 11:34:30,725] INFO [TransactionCoordinator id=0] Shutdown complete. (kafka.coordinator.transaction.TransactionCoordinator)
[2023-02-08 11:34:30,726] INFO [GroupCoordinator 0]: Shutting down. (kafka.coordinator.group.GroupCoordinator)
[2023-02-08 11:34:30,727] INFO [ExpirationReaper-0-Heartbeat]: Shutting down (kafka.server.DelayedOperationPurgatory$ExpiredOperationReaper)
[2023-02-08 11:34:30,731] INFO [ExpirationReaper-0-Heartbeat]: Shutdown completed (kafka.server.DelayedOperationPurgatory$ExpiredOperationReaper)
[2023-02-08 11:34:30,731] INFO [ExpirationReaper-0-Heartbeat]: Stopped (kafka.server.DelayedOperationPurgatory$ExpiredOperationReaper)
[2023-02-08 11:34:30,733] INFO [ExpirationReaper-0-Rebalance]: Shutting down (kafka.server.DelayedOperationPurgatory$ExpiredOperationReaper)
[2023-02-08 11:34:30,734] INFO [ExpirationReaper-0-Rebalance]: Stopped (kafka.server.DelayedOperationPurgatory$ExpiredOperationReaper)
[2023-02-08 11:34:30,734] INFO [ExpirationReaper-0-Rebalance]: Shutdown completed (kafka.server.DelayedOperationPurgatory$ExpiredOperationReaper)
[2023-02-08 11:34:30,737] INFO [GroupCoordinator 0]: Shutdown complete. (kafka.coordinator.group.GroupCoordinator)
[2023-02-08 11:34:30,738] INFO [ReplicaManager broker=0] Shutting down (kafka.server.ReplicaManager)
[2023-02-08 11:34:30,738] INFO [LogDirFailureHandler]: Shutting down (kafka.server.ReplicaManager$LogDirFailureHandler)
[2023-02-08 11:34:30,739] INFO [LogDirFailureHandler]: Stopped (kafka.server.ReplicaManager$LogDirFailureHandler)
[2023-02-08 11:34:30,739] INFO [LogDirFailureHandler]: Shutdown completed (kafka.server.ReplicaManager$LogDirFailureHandler)
[2023-02-08 11:34:30,740] INFO [ReplicaFetcherManager on broker 0] shutting down (kafka.server.ReplicaFetcherManager)
[2023-02-08 11:34:30,741] INFO [ReplicaFetcherManager on broker 0] shutdown completed (kafka.server.ReplicaFetcherManager)
[2023-02-08 11:34:30,743] INFO [ReplicaAlterLogDirsManager on broker 0] shutting down (kafka.server.ReplicaAlterLogDirsManager)
[2023-02-08 11:34:30,744] INFO [ReplicaAlterLogDirsManager on broker 0] shutdown completed (kafka.server.ReplicaAlterLogDirsManager)
[2023-02-08 11:34:30,744] INFO [ExpirationReaper-0-Fetch]: Shutting down (kafka.server.DelayedOperationPurgatory$ExpiredOperationReaper)
[2023-02-08 11:34:30,745] INFO [ExpirationReaper-0-Fetch]: Stopped (kafka.server.DelayedOperationPurgatory$ExpiredOperationReaper)
[2023-02-08 11:34:30,745] INFO [ExpirationReaper-0-Fetch]: Shutdown completed (kafka.server.DelayedOperationPurgatory$ExpiredOperationReaper)
[2023-02-08 11:34:30,747] INFO [ExpirationReaper-0-Produce]: Shutting down (kafka.server.DelayedOperationPurgatory$ExpiredOperationReaper)
[2023-02-08 11:34:30,749] INFO [ExpirationReaper-0-Produce]: Stopped (kafka.server.DelayedOperationPurgatory$ExpiredOperationReaper)
[2023-02-08 11:34:30,749] INFO [ExpirationReaper-0-Produce]: Shutdown completed (kafka.server.DelayedOperationPurgatory$ExpiredOperationReaper)
[2023-02-08 11:34:30,749] INFO [ExpirationReaper-0-DeleteRecords]: Shutting down (kafka.server.DelayedOperationPurgatory$ExpiredOperationReaper)
[2023-02-08 11:34:30,752] INFO [ExpirationReaper-0-DeleteRecords]: Stopped (kafka.server.DelayedOperationPurgatory$ExpiredOperationReaper)
[2023-02-08 11:34:30,752] INFO [ExpirationReaper-0-DeleteRecords]: Shutdown completed (kafka.server.DelayedOperationPurgatory$ExpiredOperationReaper)
[2023-02-08 11:34:30,754] INFO [ExpirationReaper-0-ElectLeader]: Shutting down (kafka.server.DelayedOperationPurgatory$ExpiredOperationReaper)
[2023-02-08 11:34:30,755] INFO [ExpirationReaper-0-ElectLeader]: Stopped (kafka.server.DelayedOperationPurgatory$ExpiredOperationReaper)
[2023-02-08 11:34:30,756] INFO [ExpirationReaper-0-ElectLeader]: Shutdown completed (kafka.server.DelayedOperationPurgatory$ExpiredOperationReaper)
[2023-02-08 11:34:30,763] INFO [ReplicaManager broker=0] Shut down completely (kafka.server.ReplicaManager)
[2023-02-08 11:34:30,764] INFO [BrokerToControllerChannelManager broker=0 name=alterPartition]: Shutting down (kafka.server.BrokerToControllerRequestThread)
[2023-02-08 11:34:30,765] INFO [BrokerToControllerChannelManager broker=0 name=alterPartition]: Shutdown completed (kafka.server.BrokerToControllerRequestThread)
[2023-02-08 11:34:30,765] INFO [BrokerToControllerChannelManager broker=0 name=alterPartition]: Stopped (kafka.server.BrokerToControllerRequestThread)
[2023-02-08 11:34:30,770] INFO Broker to controller channel manager for alterPartition shutdown (kafka.server.BrokerToControllerChannelManagerImpl)
[2023-02-08 11:34:30,771] INFO [BrokerToControllerChannelManager broker=0 name=forwarding]: Shutting down (kafka.server.BrokerToControllerRequestThread)
[2023-02-08 11:34:30,771] INFO [BrokerToControllerChannelManager broker=0 name=forwarding]: Stopped (kafka.server.BrokerToControllerRequestThread)
[2023-02-08 11:34:30,771] INFO [BrokerToControllerChannelManager broker=0 name=forwarding]: Shutdown completed (kafka.server.BrokerToControllerRequestThread)
[2023-02-08 11:34:30,773] INFO Broker to controller channel manager for forwarding shutdown (kafka.server.BrokerToControllerChannelManagerImpl)
[2023-02-08 11:34:30,774] INFO Shutting down. (kafka.log.LogManager)
[2023-02-08 11:34:30,869] INFO [ProducerStateManager partition=__consumer_offsets-25] Wrote producer snapshot at offset 3 with 0 producer ids in 7 ms. (kafka.log.ProducerStateManager)
[2023-02-08 11:34:30,882] INFO [ProducerStateManager partition=__consumer_offsets-10] Wrote producer snapshot at offset 3 with 0 producer ids in 1 ms. (kafka.log.ProducerStateManager)
[2023-02-08 11:34:30,885] INFO [ProducerStateManager partition=pinterest-topic-0] Wrote producer snapshot at offset 1210 with 0 producer ids in 0 ms. (kafka.log.ProducerStateManager)
[2023-02-08 11:34:30,888] INFO [ProducerStateManager partition=__consumer_offsets-4] Wrote producer snapshot at offset 3 with 0 producer ids in 1 ms. (kafka.log.ProducerStateManager)
[2023-02-08 11:34:30,890] INFO [ProducerStateManager partition=__consumer_offsets-34] Wrote producer snapshot at offset 3 with 0 producer ids in 1 ms. (kafka.log.ProducerStateManager)
[2023-02-08 11:34:30,903] INFO Shutdown complete. (kafka.log.LogManager)
[2023-02-08 11:34:30,936] INFO [feature-zk-node-event-process-thread]: Shutting down (kafka.server.FinalizedFeatureChangeListener$ChangeNotificationProcessorThread)
[2023-02-08 11:34:30,936] INFO [feature-zk-node-event-process-thread]: Stopped (kafka.server.FinalizedFeatureChangeListener$ChangeNotificationProcessorThread)
[2023-02-08 11:34:30,936] INFO [feature-zk-node-event-process-thread]: Shutdown completed (kafka.server.FinalizedFeatureChangeListener$ChangeNotificationProcessorThread)
[2023-02-08 11:34:30,946] INFO [ZooKeeperClient Kafka server] Closing. (kafka.zookeeper.ZooKeeperClient)
[2023-02-08 11:34:30,951] WARN An exception was thrown while closing send thread for session 0x100001b750d0000. (org.apache.zookeeper.ClientCnxn)
EndOfStreamException: Unable to read additional data from server sessionid 0x100001b750d0000, likely server has closed socket
	at org.apache.zookeeper.ClientCnxnSocketNIO.doIO(ClientCnxnSocketNIO.java:77)
	at org.apache.zookeeper.ClientCnxnSocketNIO.doTransport(ClientCnxnSocketNIO.java:350)
	at org.apache.zookeeper.ClientCnxn$SendThread.run(ClientCnxn.java:1290)
[2023-02-08 11:34:31,066] INFO Session: 0x100001b750d0000 closed (org.apache.zookeeper.ZooKeeper)
[2023-02-08 11:34:31,066] INFO EventThread shut down for session: 0x100001b750d0000 (org.apache.zookeeper.ClientCnxn)
[2023-02-08 11:34:31,070] INFO [ZooKeeperClient Kafka server] Closed. (kafka.zookeeper.ZooKeeperClient)
[2023-02-08 11:34:31,070] INFO [ThrottledChannelReaper-Fetch]: Shutting down (kafka.server.ClientQuotaManager$ThrottledChannelReaper)
[2023-02-08 11:34:31,074] INFO [ThrottledChannelReaper-Fetch]: Stopped (kafka.server.ClientQuotaManager$ThrottledChannelReaper)
[2023-02-08 11:34:31,074] INFO [ThrottledChannelReaper-Fetch]: Shutdown completed (kafka.server.ClientQuotaManager$ThrottledChannelReaper)
[2023-02-08 11:34:31,074] INFO [ThrottledChannelReaper-Produce]: Shutting down (kafka.server.ClientQuotaManager$ThrottledChannelReaper)
[2023-02-08 11:34:31,074] INFO [ThrottledChannelReaper-Produce]: Stopped (kafka.server.ClientQuotaManager$ThrottledChannelReaper)
[2023-02-08 11:34:31,074] INFO [ThrottledChannelReaper-Produce]: Shutdown completed (kafka.server.ClientQuotaManager$ThrottledChannelReaper)
[2023-02-08 11:34:31,075] INFO [ThrottledChannelReaper-Request]: Shutting down (kafka.server.ClientQuotaManager$ThrottledChannelReaper)
[2023-02-08 11:34:31,075] INFO [ThrottledChannelReaper-Request]: Stopped (kafka.server.ClientQuotaManager$ThrottledChannelReaper)
[2023-02-08 11:34:31,075] INFO [ThrottledChannelReaper-Request]: Shutdown completed (kafka.server.ClientQuotaManager$ThrottledChannelReaper)
[2023-02-08 11:34:31,075] INFO [ThrottledChannelReaper-ControllerMutation]: Shutting down (kafka.server.ClientQuotaManager$ThrottledChannelReaper)
[2023-02-08 11:34:31,075] INFO [ThrottledChannelReaper-ControllerMutation]: Stopped (kafka.server.ClientQuotaManager$ThrottledChannelReaper)
[2023-02-08 11:34:31,075] INFO [ThrottledChannelReaper-ControllerMutation]: Shutdown completed (kafka.server.ClientQuotaManager$ThrottledChannelReaper)
[2023-02-08 11:34:31,076] INFO [SocketServer listenerType=ZK_BROKER, nodeId=0] Shutting down socket server (kafka.network.SocketServer)
[2023-02-08 11:34:31,150] INFO [SocketServer listenerType=ZK_BROKER, nodeId=0] Shutdown completed (kafka.network.SocketServer)
[2023-02-08 11:34:31,151] INFO Metrics scheduler closed (org.apache.kafka.common.metrics.Metrics)
[2023-02-08 11:34:31,151] INFO Closing reporter org.apache.kafka.common.metrics.JmxReporter (org.apache.kafka.common.metrics.Metrics)
[2023-02-08 11:34:31,151] INFO Metrics reporters closed (org.apache.kafka.common.metrics.Metrics)
[2023-02-08 11:34:31,155] INFO Broker and topic stats closed (kafka.server.BrokerTopicStats)
[2023-02-08 11:34:31,157] INFO App info kafka.server for 0 unregistered (org.apache.kafka.common.utils.AppInfoParser)
[2023-02-08 11:34:31,157] INFO [KafkaServer id=0] shut down completed (kafka.server.KafkaServer)
