[2023-02-22 13:24:00,820] INFO [Controller id=0 epoch=14] Sending UpdateMetadata request to brokers Set(0) for 0 partitions (state.change.logger)
[2023-02-22 13:24:00,902] INFO [Controller id=0 epoch=14] Sending LeaderAndIsr request to broker 0 with 53 become-leader and 0 become-follower partitions (state.change.logger)
[2023-02-22 13:24:00,906] INFO [Controller id=0 epoch=14] Sending UpdateMetadata request to brokers Set(0) for 53 partitions (state.change.logger)
[2023-02-22 13:24:00,953] INFO [Broker id=0] Handling LeaderAndIsr request correlationId 1 from controller 0 for 53 partitions (state.change.logger)
[2023-02-22 13:24:01,046] INFO [Broker id=0] Stopped fetchers as part of LeaderAndIsr request correlationId 1 from controller 0 epoch 14 as part of the become-leader transition for 53 partitions (state.change.logger)
[2023-02-22 13:24:01,066] INFO [Broker id=0] Leader __consumer_offsets-0 with topic id Some(2tVM6erURvGWxhiCDCPb4g) starts at leader epoch 0 from offset 0 with partition epoch 0, high watermark 0, ISR [0], adding replicas [] and removing replicas []. Previous leader epoch was -1. (state.change.logger)
[2023-02-22 13:24:01,078] INFO [Broker id=0] Leader __consumer_offsets-29 with topic id Some(2tVM6erURvGWxhiCDCPb4g) starts at leader epoch 0 from offset 0 with partition epoch 0, high watermark 0, ISR [0], adding replicas [] and removing replicas []. Previous leader epoch was -1. (state.change.logger)
[2023-02-22 13:24:01,080] INFO [Broker id=0] Leader __consumer_offsets-48 with topic id Some(2tVM6erURvGWxhiCDCPb4g) starts at leader epoch 0 from offset 0 with partition epoch 0, high watermark 0, ISR [0], adding replicas [] and removing replicas []. Previous leader epoch was -1. (state.change.logger)
[2023-02-22 13:24:01,080] INFO [Broker id=0] Leader __consumer_offsets-10 with topic id Some(2tVM6erURvGWxhiCDCPb4g) starts at leader epoch 0 from offset 0 with partition epoch 0, high watermark 0, ISR [0], adding replicas [] and removing replicas []. Previous leader epoch was -1. (state.change.logger)
[2023-02-22 13:24:01,082] INFO [Broker id=0] Leader __consumer_offsets-45 with topic id Some(2tVM6erURvGWxhiCDCPb4g) starts at leader epoch 0 from offset 0 with partition epoch 0, high watermark 0, ISR [0], adding replicas [] and removing replicas []. Previous leader epoch was -1. (state.change.logger)
[2023-02-22 13:24:01,083] INFO [Broker id=0] Leader __consumer_offsets-26 with topic id Some(2tVM6erURvGWxhiCDCPb4g) starts at leader epoch 0 from offset 0 with partition epoch 0, high watermark 0, ISR [0], adding replicas [] and removing replicas []. Previous leader epoch was -1. (state.change.logger)
[2023-02-22 13:24:01,084] INFO [Broker id=0] Leader __consumer_offsets-7 with topic id Some(2tVM6erURvGWxhiCDCPb4g) starts at leader epoch 0 from offset 0 with partition epoch 0, high watermark 0, ISR [0], adding replicas [] and removing replicas []. Previous leader epoch was -1. (state.change.logger)
[2023-02-22 13:24:01,085] INFO [Broker id=0] Leader __consumer_offsets-42 with topic id Some(2tVM6erURvGWxhiCDCPb4g) starts at leader epoch 0 from offset 0 with partition epoch 0, high watermark 0, ISR [0], adding replicas [] and removing replicas []. Previous leader epoch was -1. (state.change.logger)
[2023-02-22 13:24:01,086] INFO [Broker id=0] Leader __consumer_offsets-4 with topic id Some(2tVM6erURvGWxhiCDCPb4g) starts at leader epoch 0 from offset 0 with partition epoch 0, high watermark 0, ISR [0], adding replicas [] and removing replicas []. Previous leader epoch was -1. (state.change.logger)
[2023-02-22 13:24:01,087] INFO [Broker id=0] Leader __consumer_offsets-23 with topic id Some(2tVM6erURvGWxhiCDCPb4g) starts at leader epoch 0 from offset 0 with partition epoch 0, high watermark 0, ISR [0], adding replicas [] and removing replicas []. Previous leader epoch was -1. (state.change.logger)
[2023-02-22 13:24:01,089] INFO [Broker id=0] Leader __consumer_offsets-1 with topic id Some(2tVM6erURvGWxhiCDCPb4g) starts at leader epoch 0 from offset 0 with partition epoch 0, high watermark 0, ISR [0], adding replicas [] and removing replicas []. Previous leader epoch was -1. (state.change.logger)
[2023-02-22 13:24:01,090] INFO [Broker id=0] Leader __consumer_offsets-20 with topic id Some(2tVM6erURvGWxhiCDCPb4g) starts at leader epoch 0 from offset 0 with partition epoch 0, high watermark 0, ISR [0], adding replicas [] and removing replicas []. Previous leader epoch was -1. (state.change.logger)
[2023-02-22 13:24:01,091] INFO [Broker id=0] Leader __consumer_offsets-39 with topic id Some(2tVM6erURvGWxhiCDCPb4g) starts at leader epoch 0 from offset 0 with partition epoch 0, high watermark 0, ISR [0], adding replicas [] and removing replicas []. Previous leader epoch was -1. (state.change.logger)
[2023-02-22 13:24:01,092] INFO [Broker id=0] Leader MyFirstKafkaTopic-0 with topic id Some(twx36w7rQK6ncaA1S2xNMQ) starts at leader epoch 0 from offset 0 with partition epoch 0, high watermark 0, ISR [0], adding replicas [] and removing replicas []. Previous leader epoch was -1. (state.change.logger)
[2023-02-22 13:24:01,093] INFO [Broker id=0] Leader __consumer_offsets-17 with topic id Some(2tVM6erURvGWxhiCDCPb4g) starts at leader epoch 0 from offset 3 with partition epoch 0, high watermark 3, ISR [0], adding replicas [] and removing replicas []. Previous leader epoch was -1. (state.change.logger)
[2023-02-22 13:24:01,094] INFO [Broker id=0] Leader __consumer_offsets-36 with topic id Some(2tVM6erURvGWxhiCDCPb4g) starts at leader epoch 0 from offset 0 with partition epoch 0, high watermark 0, ISR [0], adding replicas [] and removing replicas []. Previous leader epoch was -1. (state.change.logger)
[2023-02-22 13:24:01,095] INFO [Broker id=0] Leader __consumer_offsets-14 with topic id Some(2tVM6erURvGWxhiCDCPb4g) starts at leader epoch 0 from offset 0 with partition epoch 0, high watermark 0, ISR [0], adding replicas [] and removing replicas []. Previous leader epoch was -1. (state.change.logger)
[2023-02-22 13:24:01,096] INFO [Broker id=0] Leader __consumer_offsets-33 with topic id Some(2tVM6erURvGWxhiCDCPb4g) starts at leader epoch 0 from offset 3 with partition epoch 0, high watermark 3, ISR [0], adding replicas [] and removing replicas []. Previous leader epoch was -1. (state.change.logger)
[2023-02-22 13:24:01,096] INFO [Broker id=0] Leader __consumer_offsets-49 with topic id Some(2tVM6erURvGWxhiCDCPb4g) starts at leader epoch 0 from offset 0 with partition epoch 0, high watermark 0, ISR [0], adding replicas [] and removing replicas []. Previous leader epoch was -1. (state.change.logger)
[2023-02-22 13:24:01,097] INFO [Broker id=0] Leader __consumer_offsets-11 with topic id Some(2tVM6erURvGWxhiCDCPb4g) starts at leader epoch 0 from offset 0 with partition epoch 0, high watermark 0, ISR [0], adding replicas [] and removing replicas []. Previous leader epoch was -1. (state.change.logger)
[2023-02-22 13:24:01,098] INFO [Broker id=0] Leader __consumer_offsets-30 with topic id Some(2tVM6erURvGWxhiCDCPb4g) starts at leader epoch 0 from offset 0 with partition epoch 0, high watermark 0, ISR [0], adding replicas [] and removing replicas []. Previous leader epoch was -1. (state.change.logger)
[2023-02-22 13:24:01,099] INFO [Broker id=0] Leader __consumer_offsets-46 with topic id Some(2tVM6erURvGWxhiCDCPb4g) starts at leader epoch 0 from offset 0 with partition epoch 0, high watermark 0, ISR [0], adding replicas [] and removing replicas []. Previous leader epoch was -1. (state.change.logger)
[2023-02-22 13:24:01,101] INFO [Broker id=0] Leader __consumer_offsets-27 with topic id Some(2tVM6erURvGWxhiCDCPb4g) starts at leader epoch 0 from offset 0 with partition epoch 0, high watermark 0, ISR [0], adding replicas [] and removing replicas []. Previous leader epoch was -1. (state.change.logger)
[2023-02-22 13:24:01,104] INFO [Broker id=0] Leader __consumer_offsets-8 with topic id Some(2tVM6erURvGWxhiCDCPb4g) starts at leader epoch 0 from offset 0 with partition epoch 0, high watermark 0, ISR [0], adding replicas [] and removing replicas []. Previous leader epoch was -1. (state.change.logger)
[2023-02-22 13:24:01,106] INFO [Broker id=0] Leader __consumer_offsets-24 with topic id Some(2tVM6erURvGWxhiCDCPb4g) starts at leader epoch 0 from offset 0 with partition epoch 0, high watermark 0, ISR [0], adding replicas [] and removing replicas []. Previous leader epoch was -1. (state.change.logger)
[2023-02-22 13:24:01,106] INFO [Broker id=0] Leader __consumer_offsets-43 with topic id Some(2tVM6erURvGWxhiCDCPb4g) starts at leader epoch 0 from offset 0 with partition epoch 0, high watermark 0, ISR [0], adding replicas [] and removing replicas []. Previous leader epoch was -1. (state.change.logger)
[2023-02-22 13:24:01,107] INFO [Broker id=0] Leader __consumer_offsets-5 with topic id Some(2tVM6erURvGWxhiCDCPb4g) starts at leader epoch 0 from offset 0 with partition epoch 0, high watermark 0, ISR [0], adding replicas [] and removing replicas []. Previous leader epoch was -1. (state.change.logger)
[2023-02-22 13:24:01,108] INFO [Broker id=0] Leader __consumer_offsets-21 with topic id Some(2tVM6erURvGWxhiCDCPb4g) starts at leader epoch 0 from offset 0 with partition epoch 0, high watermark 0, ISR [0], adding replicas [] and removing replicas []. Previous leader epoch was -1. (state.change.logger)
[2023-02-22 13:24:01,109] INFO [Broker id=0] Leader __consumer_offsets-40 with topic id Some(2tVM6erURvGWxhiCDCPb4g) starts at leader epoch 0 from offset 0 with partition epoch 0, high watermark 0, ISR [0], adding replicas [] and removing replicas []. Previous leader epoch was -1. (state.change.logger)
[2023-02-22 13:24:01,110] INFO [Broker id=0] Leader __consumer_offsets-2 with topic id Some(2tVM6erURvGWxhiCDCPb4g) starts at leader epoch 0 from offset 0 with partition epoch 0, high watermark 0, ISR [0], adding replicas [] and removing replicas []. Previous leader epoch was -1. (state.change.logger)
[2023-02-22 13:24:01,110] INFO [Broker id=0] Leader __consumer_offsets-37 with topic id Some(2tVM6erURvGWxhiCDCPb4g) starts at leader epoch 0 from offset 0 with partition epoch 0, high watermark 0, ISR [0], adding replicas [] and removing replicas []. Previous leader epoch was -1. (state.change.logger)
[2023-02-22 13:24:01,111] INFO [Broker id=0] Leader __consumer_offsets-18 with topic id Some(2tVM6erURvGWxhiCDCPb4g) starts at leader epoch 0 from offset 3 with partition epoch 0, high watermark 3, ISR [0], adding replicas [] and removing replicas []. Previous leader epoch was -1. (state.change.logger)
[2023-02-22 13:24:01,111] INFO [Broker id=0] Leader __consumer_offsets-34 with topic id Some(2tVM6erURvGWxhiCDCPb4g) starts at leader epoch 0 from offset 0 with partition epoch 0, high watermark 0, ISR [0], adding replicas [] and removing replicas []. Previous leader epoch was -1. (state.change.logger)
[2023-02-22 13:24:01,112] INFO [Broker id=0] Leader __consumer_offsets-15 with topic id Some(2tVM6erURvGWxhiCDCPb4g) starts at leader epoch 0 from offset 0 with partition epoch 0, high watermark 0, ISR [0], adding replicas [] and removing replicas []. Previous leader epoch was -1. (state.change.logger)
[2023-02-22 13:24:01,114] INFO [Broker id=0] Leader __consumer_offsets-12 with topic id Some(2tVM6erURvGWxhiCDCPb4g) starts at leader epoch 0 from offset 0 with partition epoch 0, high watermark 0, ISR [0], adding replicas [] and removing replicas []. Previous leader epoch was -1. (state.change.logger)
[2023-02-22 13:24:01,115] INFO [Broker id=0] Leader __consumer_offsets-31 with topic id Some(2tVM6erURvGWxhiCDCPb4g) starts at leader epoch 0 from offset 0 with partition epoch 0, high watermark 0, ISR [0], adding replicas [] and removing replicas []. Previous leader epoch was -1. (state.change.logger)
[2023-02-22 13:24:01,116] INFO [Broker id=0] Leader KafkaPythonTest-0 with topic id Some(TpW4hxNOQ1-YEdHaW0uuYQ) starts at leader epoch 0 from offset 0 with partition epoch 0, high watermark 0, ISR [0], adding replicas [] and removing replicas []. Previous leader epoch was -1. (state.change.logger)
[2023-02-22 13:24:01,116] INFO [Broker id=0] Leader __consumer_offsets-9 with topic id Some(2tVM6erURvGWxhiCDCPb4g) starts at leader epoch 0 from offset 0 with partition epoch 0, high watermark 0, ISR [0], adding replicas [] and removing replicas []. Previous leader epoch was -1. (state.change.logger)
[2023-02-22 13:24:01,117] INFO [Broker id=0] Leader __consumer_offsets-47 with topic id Some(2tVM6erURvGWxhiCDCPb4g) starts at leader epoch 0 from offset 0 with partition epoch 0, high watermark 0, ISR [0], adding replicas [] and removing replicas []. Previous leader epoch was -1. (state.change.logger)
[2023-02-22 13:24:01,118] INFO [Broker id=0] Leader __consumer_offsets-19 with topic id Some(2tVM6erURvGWxhiCDCPb4g) starts at leader epoch 0 from offset 0 with partition epoch 0, high watermark 0, ISR [0], adding replicas [] and removing replicas []. Previous leader epoch was -1. (state.change.logger)
[2023-02-22 13:24:01,118] INFO [Broker id=0] Leader __consumer_offsets-28 with topic id Some(2tVM6erURvGWxhiCDCPb4g) starts at leader epoch 0 from offset 0 with partition epoch 0, high watermark 0, ISR [0], adding replicas [] and removing replicas []. Previous leader epoch was -1. (state.change.logger)
[2023-02-22 13:24:01,119] INFO [Broker id=0] Leader __consumer_offsets-38 with topic id Some(2tVM6erURvGWxhiCDCPb4g) starts at leader epoch 0 from offset 0 with partition epoch 0, high watermark 0, ISR [0], adding replicas [] and removing replicas []. Previous leader epoch was -1. (state.change.logger)
[2023-02-22 13:24:01,120] INFO [Broker id=0] Leader __consumer_offsets-35 with topic id Some(2tVM6erURvGWxhiCDCPb4g) starts at leader epoch 0 from offset 0 with partition epoch 0, high watermark 0, ISR [0], adding replicas [] and removing replicas []. Previous leader epoch was -1. (state.change.logger)
[2023-02-22 13:24:01,120] INFO [Broker id=0] Leader __consumer_offsets-6 with topic id Some(2tVM6erURvGWxhiCDCPb4g) starts at leader epoch 0 from offset 0 with partition epoch 0, high watermark 0, ISR [0], adding replicas [] and removing replicas []. Previous leader epoch was -1. (state.change.logger)
[2023-02-22 13:24:01,121] INFO [Broker id=0] Leader __consumer_offsets-44 with topic id Some(2tVM6erURvGWxhiCDCPb4g) starts at leader epoch 0 from offset 3 with partition epoch 0, high watermark 3, ISR [0], adding replicas [] and removing replicas []. Previous leader epoch was -1. (state.change.logger)
[2023-02-22 13:24:01,121] INFO [Broker id=0] Leader __consumer_offsets-25 with topic id Some(2tVM6erURvGWxhiCDCPb4g) starts at leader epoch 0 from offset 0 with partition epoch 0, high watermark 0, ISR [0], adding replicas [] and removing replicas []. Previous leader epoch was -1. (state.change.logger)
[2023-02-22 13:24:01,122] INFO [Broker id=0] Leader __consumer_offsets-16 with topic id Some(2tVM6erURvGWxhiCDCPb4g) starts at leader epoch 0 from offset 0 with partition epoch 0, high watermark 0, ISR [0], adding replicas [] and removing replicas []. Previous leader epoch was -1. (state.change.logger)
[2023-02-22 13:24:01,123] INFO [Broker id=0] Leader __consumer_offsets-22 with topic id Some(2tVM6erURvGWxhiCDCPb4g) starts at leader epoch 0 from offset 0 with partition epoch 0, high watermark 0, ISR [0], adding replicas [] and removing replicas []. Previous leader epoch was -1. (state.change.logger)
[2023-02-22 13:24:01,123] INFO [Broker id=0] Leader __consumer_offsets-41 with topic id Some(2tVM6erURvGWxhiCDCPb4g) starts at leader epoch 0 from offset 0 with partition epoch 0, high watermark 0, ISR [0], adding replicas [] and removing replicas []. Previous leader epoch was -1. (state.change.logger)
[2023-02-22 13:24:01,124] INFO [Broker id=0] Leader __consumer_offsets-32 with topic id Some(2tVM6erURvGWxhiCDCPb4g) starts at leader epoch 0 from offset 0 with partition epoch 0, high watermark 0, ISR [0], adding replicas [] and removing replicas []. Previous leader epoch was -1. (state.change.logger)
[2023-02-22 13:24:01,125] INFO [Broker id=0] Leader pinterest-topic-0 with topic id Some(c3m04kj9TZyaM6SIMeIQlw) starts at leader epoch 0 from offset 1732 with partition epoch 0, high watermark 1732, ISR [0], adding replicas [] and removing replicas []. Previous leader epoch was -1. (state.change.logger)
[2023-02-22 13:24:01,126] INFO [Broker id=0] Leader __consumer_offsets-3 with topic id Some(2tVM6erURvGWxhiCDCPb4g) starts at leader epoch 0 from offset 0 with partition epoch 0, high watermark 0, ISR [0], adding replicas [] and removing replicas []. Previous leader epoch was -1. (state.change.logger)
[2023-02-22 13:24:01,127] INFO [Broker id=0] Leader __consumer_offsets-13 with topic id Some(2tVM6erURvGWxhiCDCPb4g) starts at leader epoch 0 from offset 3 with partition epoch 0, high watermark 3, ISR [0], adding replicas [] and removing replicas []. Previous leader epoch was -1. (state.change.logger)
[2023-02-22 13:24:01,151] INFO [Broker id=0] Finished LeaderAndIsr request in 198ms correlationId 1 from controller 0 for 53 partitions (state.change.logger)
[2023-02-22 13:24:01,173] INFO [Broker id=0] Add 53 partitions and deleted 0 partitions from metadata cache in response to UpdateMetadata request sent by controller 0 epoch 14 with correlation id 2 (state.change.logger)
